Loading Anaconda3 ...
Anaconda Loaded.
Changing to project directory ..
Starting evaluating with Conda...
/scratch/user/vasu14devagarwal/.conda/envs/cv-env/lib/python3.10/site-packages/torch/utils/data/dataloader.py:624: UserWarning: This DataLoader will create 4 worker processes in total. Our suggested max number of worker in current system is 1, which is smaller than what this DataLoader is going to create. Please be aware that excessive worker creation might get DataLoader running slow or even freeze, lower the worker number to avoid potential slowness/freeze if necessary.
  warnings.warn(

Using device: cuda
Epoch [1/5], Loss: 1.4065
Epoch [2/5], Loss: 1.0546
Epoch [3/5], Loss: 0.9072
Epoch [4/5], Loss: 0.7979
Epoch [5/5], Loss: 0.7062
Training complete and model saved!
Using device: cuda
Setting up transforms...
Loading CIFAR-10 test dataset...
Loading trained model...
Model loaded and set to eval mode.
Starting evaluation...
Test Accuracy: 71.41%

Job Finished!
